<?xml version="1.0" encoding="UTF-8"?>
<testsuite xmlns:xsi="http://www.w3.org/2001/XMLSchema-instance" xsi:noNamespaceSchemaLocation="https://maven.apache.org/surefire/maven-surefire-plugin/xsd/surefire-test-report-3.0.xsd" version="3.0" name="PokemonWorldPremiumMindsTest" time="0.066" tests="9" errors="0" skipped="0" failures="0">
  <properties>
[...]
</properties>
  <testcase name="test[0: Input(E) = 2 pokemon(s) apanhado(s)]" classname="PokemonWorldPremiumMindsTest" time="0.005"/>
  <testcase name="test[1: Input(NESO) = 4 pokemon(s) apanhado(s)]" classname="PokemonWorldPremiumMindsTest" time="0"/>
  <testcase name="test[2: Input(NSNSNSNSNS) = 2 pokemon(s) apanhado(s)]" classname="PokemonWorldPremiumMindsTest" time="0.001"/>
  <testcase name="test[3: Input(nos) = 4 pokemon(s) apanhado(s)]" classname="PokemonWorldPremiumMindsTest" time="0"/>
  <testcase name="test[4: Input(QWERTYUIOPASDFGHJKLÇZXCVBNM) = 3 pokemon(s) apanhado(s)]" classname="PokemonWorldPremiumMindsTest" time="0.001"/>
  <testcase name="test[5: Input(qwrtyuipadfghjklçzxcvbm) = 1 pokemon(s) apanhado(s)]" classname="PokemonWorldPremiumMindsTest" time="0"/>
  <testcase name="test[6: Input(eeeeeeeeeeeeeeeeeeeee) = 22 pokemon(s) apanhado(s)]" classname="PokemonWorldPremiumMindsTest" time="0"/>
  <testcase name="test[7: Input() = 1 pokemon(s) apanhado(s)]" classname="PokemonWorldPremiumMindsTest" time="0"/>
  <testcase name="test[8: Input(nnnnnnnnnnnnnnnnnnnnnnnnnnnnnnnnnnnnnnnnnnnnnnnnnnnnnnnnnnnnnnnnnnnnnnnnnnnnnnnnnnnnnnnnnnnnnnnnnnnn) = 101 pokemon(s) apanhado(s)]" classname="PokemonWorldPremiumMindsTest" time="0"/>
</testsuite>